\BOOKMARK [0][-]{chapter*.2}{\376\377\000S\000e\000z\000n\000a\000m\000\040\000p\000o\000u\001\176\000i\000t\000\375\000c\000h\000\040\000z\000k\000r\000a\000t\000e\000k}{}% 1
\BOOKMARK [0][-]{section*.3}{\376\377\000S\000e\000z\000n\000a\000m\000\040\000o\000b\000r\000\341\000z\000k\001\157}{}% 2
\BOOKMARK [0][-]{chapter*.4}{\376\377\000\332\000v\000o\000d}{}% 3
\BOOKMARK [-1][-]{part.1}{\376\377\000I\000\040\000T\000e\000o\000r\000e\000t\000i\000c\000k\000\341\000\040\001\015\000\341\000s\000t}{}% 4
\BOOKMARK [0][-]{chapter.1}{\376\377\000A\000n\000a\000l\000\375\000z\000a\000\040\000p\000r\000o\000b\000l\000e\000m\000a\000t\000i\000k\000y}{part.1}% 5
\BOOKMARK [1][-]{section.1.1}{\376\377\000D\000e\000f\000i\000n\000i\000c\000e\000\040\000a\000\040\000t\000e\000r\000m\000i\000n\000o\000l\000o\000g\000i\000e}{chapter.1}% 6
\BOOKMARK [1][-]{section.1.2}{\376\377\000R\000o\000z\000h\000o\000d\000u\000j\000\355\000c\000\355\000\040\000k\000r\000i\000t\000\351\000r\000i\000a\000\040\000p\001\131\000i\000\040\000p\000l\000\341\000n\000o\000v\000\341\000n\000\355}{chapter.1}% 7
\BOOKMARK [2][-]{subsection.1.2.1}{\376\377\000P\000r\000a\000c\000o\000v\000n\000\355\000\040\000s\000\355\000l\000y}{section.1.2}% 8
\BOOKMARK [2][-]{subsection.1.2.2}{\376\377\000S\000m\001\033\000n\000y}{section.1.2}% 9
\BOOKMARK [2][-]{subsection.1.2.3}{\376\377\000P\001\131\000e\000d\000p\000o\000v\001\033\001\017\000\040\000p\000o\000p\000t\000\341\000v\000k\000y\000\040\000p\000o\000\040\000p\000e\000r\000s\000o\000n\000\341\000l\000u}{section.1.2}% 10
\BOOKMARK [2][-]{subsection.1.2.4}{\376\377\000C\000e\000n\000a}{section.1.2}% 11
\BOOKMARK [1][-]{section.1.3}{\376\377\000L\000e\000g\000i\000s\000l\000a\000t\000i\000v\000n\000\355\000\040\000p\000o\000d\000m\000\355\000n\000k\000y}{chapter.1}% 12
\BOOKMARK [2][-]{subsection.1.3.1}{\376\377\000P\000r\000a\000c\000o\000v\000n\000\355\000\040\000d\000o\000b\000a}{section.1.3}% 13
\BOOKMARK [2][-]{subsection.1.3.2}{\376\377\000R\000o\000z\000v\000r\000h\000\040\000p\000r\000a\000c\000o\000v\000n\000\355\000\040\000d\000o\000b\000y}{section.1.3}% 14
\BOOKMARK [2][-]{subsection.1.3.3}{\376\377\000S\000m\001\033\000n\000a\000,\000\040\000s\000m\001\033\000n\000n\000\375\000\040\000p\000r\000o\000v\000o\000z}{section.1.3}% 15
\BOOKMARK [2][-]{subsection.1.3.4}{\376\377\000P\000r\000a\000c\000o\000v\000n\000\355\000\040\000p\000o\000m\001\033\000r}{section.1.3}% 16
\BOOKMARK [2][-]{subsection.1.3.5}{\376\377\000D\000o\000h\000o\000d\000y\000\040\000o\000\040\000p\000r\000a\000c\000\355\000c\000h\000\040\000k\000o\000n\000a\000n\000\375\000c\000h\000\040\000m\000i\000m\000o\000\040\000p\000r\000a\000c\000o\000v\000n\000\355\000\040\000p\000o\000m\001\033\000r}{section.1.3}% 17
\BOOKMARK [0][-]{chapter.2}{\376\377\000R\000o\000z\000v\000r\000h\000o\000v\000\341\000n\000\355\000\040\000s\000m\001\033\000n}{part.1}% 18
\BOOKMARK [1][-]{section.2.1}{\376\377\000P\000r\000o\000b\000l\000\351\000m\000\040\000r\000o\000z\000v\000r\000h\000o\000v\000\341\000n\000\355\000\040\000s\000m\001\033\000n}{chapter.2}% 19
\BOOKMARK [1][-]{section.2.2}{\376\377\000D\000e\000f\000i\000n\000i\000c\000e\000\040\000p\000r\000o\000b\000l\000\351\000m\000u}{chapter.2}% 20
\BOOKMARK [1][-]{section.2.3}{\376\377\000K\000l\000a\000s\000i\000f\000i\000k\000a\000c\000e}{chapter.2}% 21
\BOOKMARK [1][-]{section.2.4}{\376\377\000P\000o\000d\000m\000\355\000n\000k\000y}{chapter.2}% 22
\BOOKMARK [1][-]{section.2.5}{\376\377\000M\000a\000t\000e\000m\000a\000t\000i\000c\000k\000\341\000\040\000i\000n\000t\000e\000r\000p\000r\000e\000t\000a\000c\000e\000\040\001\131\000e\001\141\000e\000n\000\355}{chapter.2}% 23
\BOOKMARK [1][-]{section.2.6}{\376\377\000C\000\355\000l\000o\000v\000\341\000\040\000f\000u\000n\000k\000c\000e}{chapter.2}% 24
\BOOKMARK [1][-]{section.2.7}{\376\377\000D\000e\000t\000e\000r\000m\000i\000n\000i\000s\000t\000i\000c\000k\000\351\000\040\000o\000p\000t\000i\000m\000a\000l\000i\000z\000a\001\015\000n\000\355\000\040\000m\000e\000t\000o\000d\000y}{chapter.2}% 25
\BOOKMARK [2][-]{subsection.2.7.1}{\376\377\000L\000i\000n\000e\000\341\000r\000n\000\355\000\040\000p\000r\000o\000g\000r\000a\000m\000o\000v\000\341\000n\000\355}{section.2.7}% 26
\BOOKMARK [2][-]{subsection.2.7.2}{\376\377\000O\000m\000e\000z\000e\000n\000\355\000\040\000d\000e\000t\000e\000r\000m\000i\000n\000i\000s\000t\000i\000c\000k\000\375\000c\000h\000\040\000o\000p\000t\000i\000m\000a\000l\000i\000z\000a\001\015\000n\000\355\000c\000h\000\040\000m\000e\000t\000o\000d}{section.2.7}% 27
\BOOKMARK [1][-]{section.2.8}{\376\377\000H\000e\000u\000r\000i\000s\000t\000i\000k\000a}{chapter.2}% 28
\BOOKMARK [2][-]{subsection.2.8.1}{\376\377\000T\000a\000b\000u\000\040\000s\000e\000a\000r\000c\000h}{section.2.8}% 29
\BOOKMARK [2][-]{subsection.2.8.2}{\376\377\000G\000e\000n\000e\000t\000i\000c\000k\000\375\000\040\000a\000l\000g\000o\000r\000i\000t\000m\000u\000s}{section.2.8}% 30
\BOOKMARK [0][-]{chapter.3}{\376\377\000A\000n\000a\000l\000\375\000z\000a\000\040\000s\000y\000s\000t\000\351\000m\000u}{part.1}% 31
\BOOKMARK [1][-]{section.3.1}{\376\377\000C\000\355\000l\000o\000v\000\341\000\040\000s\000k\000u\000p\000i\000n\000a}{chapter.3}% 32
\BOOKMARK [1][-]{section.3.2}{\376\377\000P\000o\001\176\000a\000d\000a\000v\000k\000y\000\040\000z\000\040\000p\000o\000h\000l\000e\000d\000u\000\040\000o\000r\000g\000a\000n\000i\000z\000a\000c\000e}{chapter.3}% 33
\BOOKMARK [1][-]{section.3.3}{\376\377\000D\000o\000m\000\351\000n\000o\000v\000\375\000\040\000m\000o\000d\000e\000l}{chapter.3}% 34
\BOOKMARK [1][-]{section.3.4}{\376\377\000A\000n\000a\000l\000\375\000z\000a\000\040\000e\000x\000i\000s\000t\000u\000j\000\355\000c\000\355\000c\000h\000\040\001\131\000e\001\141\000e\000n\000\355}{chapter.3}% 35
\BOOKMARK [2][-]{subsection.3.4.1}{\376\377\000T\000a\000m\000i\000g\000o}{section.3.4}% 36
\BOOKMARK [2][-]{subsection.3.4.2}{\376\377\000T\000a\000n\000d\000a}{section.3.4}% 37
\BOOKMARK [2][-]{subsection.3.4.3}{\376\377\000W\000h\000e\000n\000\040\000I\000\040\000W\000o\000r\000k}{section.3.4}% 38
\BOOKMARK [2][-]{subsection.3.4.4}{\376\377\000S\000h\000r\000n\000u\000t\000\355}{section.3.4}% 39
\BOOKMARK [1][-]{section.3.5}{\376\377\000P\000o\001\176\000a\000d\000a\000v\000k\000y\000\040\000n\000a\000\040\000s\000y\000s\000t\000\351\000m}{chapter.3}% 40
\BOOKMARK [1][-]{section.3.6}{\376\377\000A\000k\000t\000\351\001\131\000i\000,\000\040\000u\001\176\000i\000v\000a\000t\000e\000l\000s\000k\000\351\000\040\000r\000o\000l\000e}{chapter.3}% 41
\BOOKMARK [1][-]{section.3.7}{\376\377\000U\001\176\000i\000v\000a\000t\000e\000l\000s\000k\000\351\000\040\000p\001\131\000\355\000b\001\033\000h\000y}{chapter.3}% 42
\BOOKMARK [-1][-]{part.2}{\376\377\000I\000I\000\040\000P\000r\000a\000k\000t\000i\000c\000k\000\341\000\040\001\015\000\341\000s\000t\000,\000\040\000i\000m\000p\000l\000e\000m\000e\000n\000t\000a\000c\000e}{}% 43
\BOOKMARK [0][-]{chapter.4}{\376\377\000V\000\375\000b\001\033\000r\000\040\000t\000e\000c\000h\000n\000o\000l\000o\000g\000i\000\355}{part.2}% 44
\BOOKMARK [1][-]{section.4.1}{\376\377\000T\000e\000c\000h\000n\000o\000l\000o\000g\000i\000e\000\040\000p\000r\000o\000\040\000u\001\176\000i\000v\000a\000t\000e\000l\000s\000k\000\351\000\040\000r\000o\000z\000h\000r\000a\000n\000\355}{chapter.4}% 45
\BOOKMARK [2][-]{subsection.4.1.1}{\376\377\000W\000e\000b\000o\000v\000\341\000\040\000a\000p\000l\000i\000k\000a\000c\000e}{section.4.1}% 46
\BOOKMARK [2][-]{subsection.4.1.2}{\376\377\000M\000o\000b\000i\000l\000n\000\355\000\040\000a\000p\000l\000i\000k\000a\000c\000e}{section.4.1}% 47
\BOOKMARK [2][-]{subsection.4.1.3}{\376\377\000S\000h\000r\000n\000u\000t\000\355}{section.4.1}% 48
\BOOKMARK [1][-]{section.4.2}{\376\377\000B\000a\000c\000k\000e\000n\000d\000o\000v\000\341\000\040\000t\000e\000c\000h\000n\000o\000l\000o\000g\000i\000e}{chapter.4}% 49
\BOOKMARK [2][-]{subsection.4.2.1}{\376\377\000W\000e\000b\000o\000v\000\375\000\040\000f\000r\000a\000m\000e\000w\000o\000r\000k}{section.4.2}% 50
\BOOKMARK [2][-]{subsection.4.2.2}{\376\377\000A\000p\000l\000i\000k\000a\001\015\000n\000\355\000\040\000r\000o\000z\000h\000r\000a\000n\000\355}{section.4.2}% 51
\BOOKMARK [2][-]{subsection.4.2.3}{\376\377\000D\000a\000t\000a\000b\000\341\000z\000e}{section.4.2}% 52
\BOOKMARK [2][-]{subsection.4.2.4}{\376\377\000S\000h\000r\000n\000u\000t\000\355}{section.4.2}% 53
\BOOKMARK [1][-]{section.4.3}{\376\377\000P\000o\001\176\000a\000d\000a\000v\000k\000y\000\040\000n\000a\000\040\000k\000v\000a\000l\000i\000t\000u\000\040\000s\000o\000f\000t\000w\000a\000r\000e}{chapter.4}% 54
\BOOKMARK [0][-]{chapter.5}{\376\377\000N\000\341\000v\000r\000h\000\040\000v\000l\000a\000s\000t\000n\000\355\000h\000o\000\040\000a\000l\000g\000o\000r\000i\000t\000m\000u}{part.2}% 55
\BOOKMARK [1][-]{section.5.1}{\376\377\000P\000o\001\176\000a\000d\000a\000v\000k\000y\000\040\000n\000a\000\040\000r\000o\000z\000v\000r\000h}{chapter.5}% 56
\BOOKMARK [1][-]{section.5.2}{\376\377\000T\000v\000o\000r\000b\000a\000\040\000s\000m\001\033\000n\000\040\000a\000\040\000p\000o\000p\000t\000\341\000v\000k\000y}{chapter.5}% 57
\BOOKMARK [1][-]{section.5.3}{\376\377\000P\000o\000d\000m\000\355\000n\000k\000y}{chapter.5}% 58
\BOOKMARK [2][-]{subsection.5.3.1}{\376\377\000N\000e\000z\000b\000y\000t\000n\000\351\000\040\000p\000o\000d\000m\000\355\000n\000k\000y}{section.5.3}% 59
\BOOKMARK [2][-]{subsection.5.3.2}{\376\377\000Z\000b\000y\000t\000n\000\351\000\040\000p\000o\000d\000m\000\355\000n\000k\000y\000\040\000a\000\040\000c\000\355\000l\000o\000v\000\341\000\040\000f\000u\000n\000k\000c\000e}{section.5.3}% 60
\BOOKMARK [2][-]{subsection.5.3.3}{\376\377\000O\000b\000s\000a\000z\000e\000n\000\355\000\040\000v\001\141\000e\000c\000h\000\040\000s\000m\001\033\000n}{section.5.3}% 61
\BOOKMARK [2][-]{subsection.5.3.4}{\376\377\000O\000b\000s\000a\000z\000e\000n\000\355\000\040\000s\000m\001\033\000n\000\040\000\372\000m\001\033\000r\000n\001\033\000\040\000p\000o\000p\000t\000\341\000v\000c\000e}{section.5.3}% 62
\BOOKMARK [2][-]{subsection.5.3.5}{\376\377\000V\000\355\000c\000e\000\040\000v\000o\000l\000n\000a\000\040\000v\000\040\000k\000u\000s\000e}{section.5.3}% 63
\BOOKMARK [2][-]{subsection.5.3.6}{\376\377\000O\000b\000s\000a\000z\000e\000n\000\355\000\040\000s\000p\000e\000c\000i\000a\000l\000i\000z\000o\000v\000a\000n\000\375\000c\000h\000\040\000s\000m\001\033\000n}{section.5.3}% 64
\BOOKMARK [1][-]{section.5.4}{\376\377\000P\000o\000p\000i\000s\000\040\000a\000l\000g\000o\000r\000i\000t\000m\000u}{chapter.5}% 65
\BOOKMARK [2][-]{subsection.5.4.1}{\376\377\000N\000e\000p\001\131\000e\000k\000r\000\375\000v\000\341\000n\000\355\000\040\000s\000m\001\033\000n\000,\000\040\000p\001\131\000e\000s\000t\000\341\000v\000k\000a}{section.5.4}% 66
\BOOKMARK [1][-]{section.5.5}{\376\377\000D\000\351\000l\000k\000a\000\040\000p\000r\000a\000c\000o\000v\000n\000\355\000h\000o\000\040\000t\000\375\000d\000n\000e}{chapter.5}% 67
\BOOKMARK [1][-]{section.5.6}{\376\377\000P\001\131\000i\001\131\000a\000z\000e\000n\000\355\000\040\000n\000a\000\040\000s\000p\000e\000c\000i\000a\000l\000i\000z\000o\000v\000a\000n\000o\000u\000\040\000s\000m\001\033\000n\000u}{chapter.5}% 68
\BOOKMARK [1][-]{section.5.7}{\376\377\000O\000b\000s\000a\000z\000e\000n\000\355\000\040\000v\001\141\000e\000c\000h\000\040\000s\000m\001\033\000n}{chapter.5}% 69
\BOOKMARK [1][-]{section.5.8}{\376\377\000O\000b\000s\000a\000z\000e\000n\000\355\000\040\000s\000p\000e\000c\000i\000a\000l\000i\000z\000o\000v\000a\000n\000\375\000c\000h\000\040\000s\000m\001\033\000n}{chapter.5}% 70
\BOOKMARK [1][-]{section.5.9}{\376\377\000V\000\355\000c\000e\000\040\000v\000o\000l\000n\000a\000\040\000v\000\040\000k\000u\000s\000e}{chapter.5}% 71
\BOOKMARK [1][-]{section.5.10}{\376\377\000O\000b\000s\000a\000z\000e\000n\000\355\000\040\000s\000m\001\033\000n\000\040\000\372\000m\001\033\000r\000n\001\033\000\040\000p\000o\000p\000t\000\341\000v\000c\000e}{chapter.5}% 72
\BOOKMARK [1][-]{section.5.11}{\376\377\000T\000e\000s\000t\000o\000v\000\341\000n\000\355}{chapter.5}% 73
\BOOKMARK [2][-]{subsection.5.11.1}{\376\377\000D\000e\000f\000i\000n\000i\000c\000e\000\040\000p\000o\000j\000m\001\157}{section.5.11}% 74
\BOOKMARK [2][-]{subsection.5.11.2}{\376\377\000V\000y\000h\000o\000d\000n\000o\000c\000e\000n\000\355\000\040\000p\001\131\000e\000d\000p\000o\000k\000l\000a\000d\001\157}{section.5.11}% 75
\BOOKMARK [1][-]{section.5.12}{\376\377\000V\000y\000h\000o\000d\000n\000o\000c\000e\000n\000\355\000\040\000a\000l\000g\000o\000r\000i\000t\000m\000u}{chapter.5}% 76
\BOOKMARK [0][-]{chapter.6}{\376\377\000I\000m\000p\000l\000e\000m\000e\000n\000t\000a\000c\000e}{part.2}% 77
\BOOKMARK [1][-]{section.6.1}{\376\377\000A\000r\000c\000h\000i\000t\000e\000k\000t\000u\000r\000a\000\040\000a\000p\000l\000i\000k\000a\000c\000e}{chapter.6}% 78
\BOOKMARK [1][-]{section.6.2}{\376\377\000B\000a\000c\000k\000e\000n\000d}{chapter.6}% 79
\BOOKMARK [1][-]{section.6.3}{\376\377\000M\000o\000b\000i\000l\000n\000\355\000\040\000a\000p\000l\000i\000k\000a\000c\000e}{chapter.6}% 80
\BOOKMARK [2][-]{subsection.6.3.1}{\376\377\000V\000i\000e\000w}{section.6.3}% 81
\BOOKMARK [2][-]{subsection.6.3.2}{\376\377\000V\000i\000e\000w\000M\000o\000d\000e\000l}{section.6.3}% 82
\BOOKMARK [2][-]{subsection.6.3.3}{\376\377\000M\000o\000d\000e\000l}{section.6.3}% 83
\BOOKMARK [2][-]{subsection.6.3.4}{\376\377\000D\000e\000s\000i\000g\000n}{section.6.3}% 84
\BOOKMARK [2][-]{subsection.6.3.5}{\376\377\000U\001\176\000i\000v\000a\000t\000e\000l\000s\000k\000\351\000\040\000r\000o\000z\000h\000r\000a\000n\000\355\000\040\000a\000p\000l\000i\000k\000a\000c\000e}{section.6.3}% 85
\BOOKMARK [0][-]{chapter.7}{\376\377\000U\001\176\000i\000v\000a\000t\000e\000l\000s\000k\000\351\000\040\000t\000e\000s\000t\000o\000v\000\341\000n\000\355}{part.2}% 86
\BOOKMARK [1][-]{section.7.1}{\376\377\000Z\000p\001\157\000s\000o\000b\000\040\000t\000e\000s\000t\000o\000v\000\341\000n\000\355}{chapter.7}% 87
\BOOKMARK [1][-]{section.7.2}{\376\377\000P\000r\001\157\000c\000h\000o\000d\000\040\000a\000p\000l\000i\000k\000a\000c\000\355}{chapter.7}% 88
\BOOKMARK [1][-]{section.7.3}{\376\377\000N\000\341\000v\000r\000h\000y\000\040\000n\000a\000\040\000z\000l\000e\000p\001\141\000e\000n\000\355}{chapter.7}% 89
\BOOKMARK [2][-]{subsection.7.3.1}{\376\377\000A\000k\000t\000u\000\341\000l\000n\000\355\000\040\000a\000p\000l\000i\000k\000a\000c\000e}{section.7.3}% 90
\BOOKMARK [2][-]{subsection.7.3.2}{\376\377\000N\000\341\000v\000r\000h\000y\000\040\000d\000o\000\040\000b\000u\000d\000o\000u\000c\000n\000a}{section.7.3}% 91
\BOOKMARK [1][-]{section.7.4}{\376\377\000V\000y\000h\000o\000d\000n\000o\000c\000e\000n\000\355}{chapter.7}% 92
\BOOKMARK [0][-]{chapter*.47}{\376\377\000B\000i\000b\000l\000i\000o\000g\000r\000a\000f\000i\000e}{part.2}% 93
\BOOKMARK [0][-]{appendix*.48}{\376\377\000P\001\131\000\355\000l\000o\000h\000y}{part.2}% 94
\BOOKMARK [1][-]{section.Alph0.1}{\376\377\000A\000n\000a\000l\000\375\000z\000a\000\040\000s\000y\000s\000t\000\351\000m\000u}{appendix*.48}% 95
\BOOKMARK [1][-]{section.Alph0.2}{\376\377\000U\001\176\000i\000v\000a\000t\000e\000l\000s\000k\000\351\000\040\000t\000e\000s\000t\000o\000v\000\341\000n\000\355}{appendix*.48}% 96
\BOOKMARK [1][-]{section.Alph0.3}{\376\377\000T\000e\000s\000t\000o\000v\000\341\000n\000\355\000\040\000a\000l\000g\000o\000r\000i\000t\000m\000u}{appendix*.48}% 97
\BOOKMARK [1][-]{section.Alph0.4}{\376\377\000Z\000d\000r\000o\000j\000o\000v\000\351\000\040\000k\000\363\000d\000y}{appendix*.48}% 98
